2022-05-15 21:59:05,449 - instagram_scraper.app - WARNING - First media version is not the best candidate for CcjhyKNoBG7
2022-05-15 21:59:05,449 - instagram_scraper.app - WARNING - First media version is not the best candidate for CcjhyKNoBG7
2022-05-15 21:59:05,449 - instagram_scraper.app - WARNING - First media version is not the best candidate for CcjhyKNoBG7
2022-05-15 21:59:05,449 - instagram_scraper.app - WARNING - First media version is not the best candidate for CcjhyKNoBG7
2022-05-15 21:59:32,222 - instagram_scraper.app - WARNING - First media version is not the best candidate for CSysrv-HEMf
2022-05-15 22:01:10,885 - instagram_scraper.app - WARNING - First media version is not the best candidate for B2EVl8XlBY9
2022-05-15 22:01:28,839 - instagram_scraper.app - WARNING - First media version is not the best candidate for ByEh9aIlTDN
2022-05-15 22:01:28,840 - instagram_scraper.app - WARNING - First media version is not the best candidate for ByEh9aIlTDN
2022-05-15 22:01:37,971 - instagram_scraper.app - WARNING - First media version is not the best candidate for BxLy38tpkfj
2022-05-15 22:01:37,971 - instagram_scraper.app - WARNING - First media version is not the best candidate for BxLy38tpkfj
2022-05-15 22:01:39,130 - instagram_scraper.app - WARNING - First media version is not the best candidate for BxJNZTnpmhT
2022-05-15 22:01:39,130 - instagram_scraper.app - WARNING - First media version is not the best candidate for BxJNZTnpmhT
2022-05-15 22:01:49,781 - instagram_scraper.app - WARNING - First media version is not the best candidate for BuIPalcFWZ_
2022-05-15 22:02:08,918 - instagram_scraper.app - WARNING - First media version is not the best candidate for Bp6VuRHF2iw
2022-05-15 22:02:08,918 - instagram_scraper.app - WARNING - First media version is not the best candidate for Bp6VuRHF2iw
2022-05-15 22:02:08,918 - instagram_scraper.app - WARNING - First media version is not the best candidate for Bp6VuRHF2iw
2022-05-15 22:02:08,918 - instagram_scraper.app - WARNING - First media version is not the best candidate for Bp6VuRHF2iw
2022-05-15 22:02:18,636 - instagram_scraper.app - WARNING - First media version is not the best candidate for BoTiKXbF4iN
2022-05-15 22:02:18,636 - instagram_scraper.app - WARNING - First media version is not the best candidate for BoTiKXbF4iN
2022-05-15 22:02:25,083 - instagram_scraper.app - WARNING - First media version is not the best candidate for BnATPPYH03T
2022-05-15 22:02:25,083 - instagram_scraper.app - WARNING - First media version is not the best candidate for BnATPPYH03T
2022-05-15 22:02:25,083 - instagram_scraper.app - WARNING - First media version is not the best candidate for BnATPPYH03T
2022-05-15 22:02:45,912 - instagram_scraper.app - WARNING - First media version is not the best candidate for Bg-iGExH_hi
2022-05-15 22:02:45,913 - instagram_scraper.app - WARNING - First media version is not the best candidate for Bg-iGExH_hi
2022-05-15 22:02:52,183 - instagram_scraper.app - WARNING - First media version is not the best candidate for BdMC0k0HNTi
2022-05-15 22:02:52,183 - instagram_scraper.app - WARNING - First media version is not the best candidate for BdMC0k0HNTi
2022-05-15 22:02:59,095 - instagram_scraper.app - WARNING - First media version is not the best candidate for BblIkIuHzFK
2022-05-15 22:02:59,095 - instagram_scraper.app - WARNING - First media version is not the best candidate for BblIkIuHzFK
2022-05-15 22:02:59,095 - instagram_scraper.app - WARNING - First media version is not the best candidate for BblIkIuHzFK
2022-05-15 22:03:00,542 - instagram_scraper.app - WARNING - First media version is not the best candidate for BbiheMzHkme
2022-05-15 22:03:00,542 - instagram_scraper.app - WARNING - First media version is not the best candidate for BbiheMzHkme
2022-05-15 22:03:00,542 - instagram_scraper.app - WARNING - First media version is not the best candidate for BbiheMzHkme
2022-05-15 22:03:00,542 - instagram_scraper.app - WARNING - First media version is not the best candidate for BbiheMzHkme
2022-05-15 22:03:04,875 - instagram_scraper.app - WARNING - First media version is not the best candidate for BbJXqoOH8YD
2022-05-15 22:03:29,283 - instagram_scraper.app - WARNING - First media version is not the best candidate for BVNKwGcl2f-
2022-05-15 22:03:29,283 - instagram_scraper.app - WARNING - First media version is not the best candidate for BVNKwGcl2f-
2022-05-15 22:03:33,477 - instagram_scraper.app - WARNING - First media version is not the best candidate for BVKUE5dF8cj
